<?xml version="1.0" encoding="UTF-8"?>
<!-- Generated by org.testng.reporters.JUnitXMLReporter -->
<testsuite ignored="0" hostname="LAPTOP-HBSFHFQ2" failures="0" tests="3" name="Batch Running Test" time="43.263" errors="0" timestamp="2023-05-29T11:35:09 GMT-04:00">
  <testcase classname="testng_code_BatchRunning_24_Apr_2023.TNLoginTest" name="enterTNLoginDetails" time="17.062"/>
  <testcase classname="testng_code_BatchRunning_24_Apr_2023.RediffLoginTest" name="enterRediffLoginDetails" time="11.516"/>
  <testcase classname="testng_code_BatchRunning_24_Apr_2023.TNRegisterTest" name="tnRegister" time="14.621"/>
</testsuite> <!-- Batch Running Test -->
