<?xml version="1.0" encoding="UTF-8"?>
<!-- Generated by org.testng.reporters.JUnitXMLReporter -->
<testsuite ignored="0" hostname="LAPTOP-HBSFHFQ2" failures="0" tests="3" name="Batch Running Test" time="118.55" errors="0" timestamp="2023-05-01T10:56:57 GMT-04:00">
  <testcase classname="testng_code_BatchRunning_24_Apr_2023.TNLoginTest" name="enterTNLoginDetails" time="27.873"/>
  <testcase classname="testng_code_BatchRunning_24_Apr_2023.RediffLoginTest" name="enterRediffLoginDetails" time="22.498"/>
  <testcase classname="testng_code_BatchRunning_24_Apr_2023.TNRegisterTest" name="tnRegister" time="68.104"/>
</testsuite> <!-- Batch Running Test -->
